Mon Jul 09 2018 19:21:55 GMT-0700 (PDT): GET /about
Mon Jul 09 2018 19:27:26 GMT-0700 (PDT): GET /maintenance
Mon Jul 09 2018 19:27:48 GMT-0700 (PDT): GET /maintenance
Mon Jul 09 2018 19:28:05 GMT-0700 (PDT): GET /maintenance
Mon Jul 09 2018 19:28:11 GMT-0700 (PDT): GET /about
Mon Jul 09 2018 19:28:20 GMT-0700 (PDT): GET /about
Mon Jul 09 2018 19:28:27 GMT-0700 (PDT): GET /maintenance
Mon Jul 09 2018 19:28:41 GMT-0700 (PDT): GET /maintenance
Mon Jul 09 2018 19:33:43 GMT-0700 (PDT): GET /maintenance
Mon Jul 09 2018 19:33:47 GMT-0700 (PDT): GET /maintenance
Mon Jul 09 2018 19:34:21 GMT-0700 (PDT): GET /maintenance
Mon Jul 09 2018 19:35:52 GMT-0700 (PDT): GET /
Mon Jul 09 2018 19:36:52 GMT-0700 (PDT): GET /
Mon Jul 09 2018 19:41:39 GMT-0700 (PDT): GET /help.html
Mon Jul 09 2018 20:40:38 GMT-0700 (PDT): GET /
Mon Jul 09 2018 20:40:54 GMT-0700 (PDT): GET /
Mon Jul 09 2018 20:40:56 GMT-0700 (PDT): GET /
Mon Jul 09 2018 20:40:58 GMT-0700 (PDT): GET /
Mon Jul 09 2018 20:41:01 GMT-0700 (PDT): GET /
Mon Jul 09 2018 20:41:28 GMT-0700 (PDT): GET /
Mon Jul 09 2018 20:43:04 GMT-0700 (PDT): GET /
Mon Jul 09 2018 20:43:38 GMT-0700 (PDT): GET /
Mon Jul 09 2018 20:44:29 GMT-0700 (PDT): GET /
Mon Jul 09 2018 20:44:40 GMT-0700 (PDT): GET /
Mon Jul 09 2018 20:45:06 GMT-0700 (PDT): GET /
Mon Jul 09 2018 20:45:37 GMT-0700 (PDT): GET /
Mon Jul 09 2018 20:45:39 GMT-0700 (PDT): GET /
Mon Jul 09 2018 20:45:45 GMT-0700 (PDT): GET /
Mon Jul 09 2018 20:45:47 GMT-0700 (PDT): GET /schedule
